#
# There is insufficient memory for the Java Runtime Environment to continue.
# Native memory allocation (mmap) failed to map 532676608 bytes. Error detail: G1 virtual space
# Possible reasons:
#   The system is out of physical RAM or swap space
#   This process is running with CompressedOops enabled, and the Java Heap may be blocking the growth of the native heap
# Possible solutions:
#   Reduce memory load on the system
#   Increase physical memory or swap space
#   Check if swap backing store is full
#   Decrease Java heap size (-Xmx/-Xms)
#   Decrease number of Java threads
#   Decrease Java thread stack sizes (-Xss)
#   Set larger code cache with -XX:ReservedCodeCacheSize=
#   JVM is running with Zero Based Compressed Oops mode in which the Java heap is
#     placed in the first 32GB address space. The Java Heap base address is the
#     maximum limit for the native heap growth. Please use -XX:HeapBaseMinAddress
#     to set the Java Heap base and to place the Java Heap above 32GB virtual address.
# This output file may be truncated or incomplete.
#
#  Out of Memory Error (os_windows.cpp:3703), pid=41924, tid=43712
#
# JRE version:  (23.0+37) (build )
# Java VM: Java HotSpot(TM) 64-Bit Server VM (23+37-2369, mixed mode, sharing, tiered, compressed oops, compressed class ptrs, g1 gc, windows-amd64)
# No core dump will be written. Minidumps are not enabled by default on client versions of Windows
#

---------------  S U M M A R Y ------------

Command Line: -javaagent:C:\Program Files\JetBrains\IntelliJ IDEA Community Edition 2024.3\lib\idea_rt.jar=26794:C:\Program Files\JetBrains\IntelliJ IDEA Community Edition 2024.3\bin -Dfile.encoding=UTF-8 -Dsun.stdout.encoding=UTF-8 -Dsun.stderr.encoding=UTF-8 gn.stock.components.MainInterface

Host: Intel(R) Xeon(R) E-2176M  CPU @ 2.70GHz, 12 cores, 31G,  Windows 11 , 64 bit Build 26100 (10.0.26100.3037)
Time: Sat Feb 15 12:48:49 2025 Temps universel coordonné elapsed time: 0.044526 seconds (0d 0h 0m 0s)

---------------  T H R E A D  ---------------

Current thread (0x0000027465c0afb0):  JavaThread "Unknown thread" [_thread_in_vm, id=43712, stack(0x000000bf94100000,0x000000bf94200000) (1024K)]

Stack: [0x000000bf94100000,0x000000bf94200000]
Native frames: (J=compiled Java code, j=interpreted, Vv=VM code, C=native code)
V  [jvm.dll+0x6e08a9]  (no source info available)
V  [jvm.dll+0x87da63]  (no source info available)
V  [jvm.dll+0x87feee]  (no source info available)
V  [jvm.dll+0x8805c3]  (no source info available)
V  [jvm.dll+0x27aee6]  (no source info available)
V  [jvm.dll+0x6dd1b5]  (no source info available)
V  [jvm.dll+0x6d103a]  (no source info available)
V  [jvm.dll+0x35b3ea]  (no source info available)
V  [jvm.dll+0x3637f6]  (no source info available)
V  [jvm.dll+0x34fd5e]  (no source info available)
V  [jvm.dll+0x34fff8]  (no source info available)
V  [jvm.dll+0x3289cc]  (no source info available)
V  [jvm.dll+0x32966e]  (no source info available)
V  [jvm.dll+0x8442e5]  (no source info available)
V  [jvm.dll+0x3b9848]  (no source info available)
V  [jvm.dll+0x82d0dc]  (no source info available)
V  [jvm.dll+0x454d4e]  (no source info available)
V  [jvm.dll+0x456bd1]  (no source info available)
C  [jli.dll+0x52a3]  (no source info available)
C  [ucrtbase.dll+0x37b0]  (no source info available)
C  [KERNEL32.DLL+0x2e8d7]  (no source info available)
C  [ntdll.dll+0xbbf2c]  (no source info available)

Lock stack of current Java thread (top to bottom):


---------------  P R O C E S S  ---------------

Threads class SMR info:
_java_thread_list=0x00007ff8dcfc3618, length=0, elements={
}

Java Threads: ( => current thread )
Total: 0

Other Threads:
  0x0000027409eff890 WorkerThread "GC Thread#0"                     [id=38016, stack(0x000000bf94200000,0x000000bf94300000) (1024K)]
  0x0000027409f008a0 ConcurrentGCThread "G1 Main Marker"            [id=27488, stack(0x000000bf94300000,0x000000bf94400000) (1024K)]
  0x000002746821c100 WorkerThread "G1 Conc#0"                       [id=30888, stack(0x000000bf94400000,0x000000bf94500000) (1024K)]

[error occurred during error reporting (printing all threads), id 0xc0000005, EXCEPTION_ACCESS_VIOLATION (0xc0000005) at pc=0x00007ff8dc70bfba]
VM state: not at safepoint (not fully initialized)

VM Mutex/Monitor currently owned by a thread:  ([mutex/lock_event])
[0x00007ff8dd043a10] Heap_lock - owner thread: 0x0000027465c0afb0

Heap address: 0x0000000604000000, size: 8128 MB, Compressed Oops mode: Zero based, Oop shift amount: 3

CDS archive(s) mapped at: [0x0000000000000000-0x0000000000000000-0x0000000000000000), size 0, SharedBaseAddress: 0x0000000800000000, ArchiveRelocationMode: 1.
Narrow klass base: 0x0000000000000000, Narrow klass shift: 0, Narrow klass range: 0x0

GC Precious Log:
 CardTable entry size: 512
 Card Set container configuration: InlinePtr #cards 4 size 8 Array Of Cards #cards 32 size 80 Howl #buckets 8 coarsen threshold 7372 Howl Bitmap #cards 1024 size 144 coarsen threshold 921 Card regions per heap region 1 cards per card region 8192

Heap:
 garbage-first heap   total reserved 8323072K, committed 0K, used 0K [0x0000000604000000, 0x0000000800000000)
  region size 4096K, 0 young (0K), 0 survivors (0K)

[error occurred during error reporting (printing heap information), id 0xc0000005, EXCEPTION_ACCESS_VIOLATION (0xc0000005) at pc=0x00007ff8dcb0c3b9]
GC Heap History (0 events):
No events

Dll operation events (1 events):
Event: 0.012 Loaded shared library C:\Program Files\Java\jdk-23\bin\java.dll

Deoptimization events (0 events):
No events

Classes loaded (0 events):
No events

Classes unloaded (0 events):
No events

Classes redefined (0 events):
No events

Internal exceptions (0 events):
No events

VM Operations (0 events):
No events

Memory protections (0 events):
No events

Nmethod flushes (0 events):
No events

Events (0 events):
No events


Dynamic libraries:
0x00007ff79a870000 - 0x00007ff79a880000 	C:\Program Files\Java\jdk-23\bin\java.exe
0x00007ff9b6880000 - 0x00007ff9b6ae3000 	C:\WINDOWS\SYSTEM32\ntdll.dll
0x00007ff9b5e90000 - 0x00007ff9b5f57000 	C:\WINDOWS\System32\KERNEL32.DLL
0x00007ff9b40e0000 - 0x00007ff9b44a7000 	C:\WINDOWS\System32\KERNELBASE.dll
0x00007ff9b3f60000 - 0x00007ff9b40ac000 	C:\WINDOWS\System32\ucrtbase.dll
0x00007ff99b900000 - 0x00007ff99b91b000 	C:\Program Files\Java\jdk-23\bin\VCRUNTIME140.dll
0x00007ff997bc0000 - 0x00007ff997bd7000 	C:\Program Files\Java\jdk-23\bin\jli.dll
0x00007ff9b5cc0000 - 0x00007ff9b5e89000 	C:\WINDOWS\System32\USER32.dll
0x00007ff9b40b0000 - 0x00007ff9b40d7000 	C:\WINDOWS\System32\win32u.dll
0x00007ff994f50000 - 0x00007ff9951e0000 	C:\WINDOWS\WinSxS\amd64_microsoft.windows.common-controls_6595b64144ccf1df_6.0.26100.3037_none_3e09262ce333c378\COMCTL32.dll
0x00007ff9b4c40000 - 0x00007ff9b4c6a000 	C:\WINDOWS\System32\GDI32.dll
0x00007ff9b6790000 - 0x00007ff9b6839000 	C:\WINDOWS\System32\msvcrt.dll
0x00007ff9b3c20000 - 0x00007ff9b3d4b000 	C:\WINDOWS\System32\gdi32full.dll
0x00007ff9b3eb0000 - 0x00007ff9b3f53000 	C:\WINDOWS\System32\msvcp_win.dll
0x00007ff9b66d0000 - 0x00007ff9b66ff000 	C:\WINDOWS\System32\IMM32.DLL
0x00007ff99b8d0000 - 0x00007ff99b8dc000 	C:\Program Files\Java\jdk-23\bin\vcruntime140_1.dll
0x00007ff91efa0000 - 0x00007ff91f02e000 	C:\Program Files\Java\jdk-23\bin\msvcp140.dll
0x00007ff8dc3d0000 - 0x00007ff8dd11f000 	C:\Program Files\Java\jdk-23\bin\server\jvm.dll
0x00007ff9b4c70000 - 0x00007ff9b4d24000 	C:\WINDOWS\System32\ADVAPI32.dll
0x00007ff9b4b90000 - 0x00007ff9b4c36000 	C:\WINDOWS\System32\sechost.dll
0x00007ff9b4960000 - 0x00007ff9b4a76000 	C:\WINDOWS\System32\RPCRT4.dll
0x00007ff9b46c0000 - 0x00007ff9b4734000 	C:\WINDOWS\System32\WS2_32.dll
0x00007ff9b3360000 - 0x00007ff9b33ae000 	C:\WINDOWS\SYSTEM32\POWRPROF.dll
0x00007ff9ad010000 - 0x00007ff9ad046000 	C:\WINDOWS\SYSTEM32\WINMM.dll
0x00007ff9aa390000 - 0x00007ff9aa39b000 	C:\WINDOWS\SYSTEM32\VERSION.dll
0x00007ff9b3340000 - 0x00007ff9b3354000 	C:\WINDOWS\SYSTEM32\UMPDC.dll
0x00007ff9b2a80000 - 0x00007ff9b2a9a000 	C:\WINDOWS\SYSTEM32\kernel.appcore.dll
0x00007ff999c70000 - 0x00007ff999c7a000 	C:\Program Files\Java\jdk-23\bin\jimage.dll
0x00007ff9b1360000 - 0x00007ff9b15a1000 	C:\WINDOWS\SYSTEM32\DBGHELP.DLL
0x00007ff9b54a0000 - 0x00007ff9b581e000 	C:\WINDOWS\System32\combase.dll
0x00007ff9b4ab0000 - 0x00007ff9b4b86000 	C:\WINDOWS\System32\OLEAUT32.dll
0x00007ff997200000 - 0x00007ff997239000 	C:\WINDOWS\SYSTEM32\dbgcore.DLL
0x00007ff9b3d50000 - 0x00007ff9b3de9000 	C:\WINDOWS\System32\bcryptPrimitives.dll
0x00007ff99bb90000 - 0x00007ff99bb9f000 	C:\Program Files\Java\jdk-23\bin\instrument.dll
0x00007ff999080000 - 0x00007ff99909e000 	C:\Program Files\Java\jdk-23\bin\java.dll
0x00007ff9b50f0000 - 0x00007ff9b5285000 	C:\WINDOWS\System32\ole32.dll
0x00007ff9b5f70000 - 0x00007ff9b6674000 	C:\WINDOWS\System32\SHELL32.dll

dbghelp: loaded successfully - version: 4.0.5 - missing functions: none
symbol engine: initialized successfully - sym options: 0x614 - pdb path: .;C:\Program Files\Java\jdk-23\bin;C:\WINDOWS\SYSTEM32;C:\WINDOWS\WinSxS\amd64_microsoft.windows.common-controls_6595b64144ccf1df_6.0.26100.3037_none_3e09262ce333c378;C:\Program Files\Java\jdk-23\bin\server

VM Arguments:
jvm_args: -javaagent:C:\Program Files\JetBrains\IntelliJ IDEA Community Edition 2024.3\lib\idea_rt.jar=26794:C:\Program Files\JetBrains\IntelliJ IDEA Community Edition 2024.3\bin -Dfile.encoding=UTF-8 -Dsun.stdout.encoding=UTF-8 -Dsun.stderr.encoding=UTF-8 
java_command: gn.stock.components.MainInterface
java_class_path (initial): C:\GROUPE_PERSONNEL\Gestion_de_stock_java\target\classes;C:\Users\DS CONSULTING\.m2\repository\com\miglayout\miglayout\3.7.4\miglayout-3.7.4.jar;C:\Users\DS CONSULTING\.m2\repository\com\oracle\database\jdbc\ojdbc10\19.21.0.0\ojdbc10-19.21.0.0.jar;C:\Users\DS CONSULTING\.m2\repository\org\jfree\jfreechart\1.0.19\jfreechart-1.0.19.jar;C:\Users\DS CONSULTING\.m2\repository\org\jfree\jcommon\1.0.23\jcommon-1.0.23.jar;C:\Users\DS CONSULTING\.m2\repository\org\apache\poi\poi\4.1.2\poi-4.1.2.jar;C:\Users\DS CONSULTING\.m2\repository\commons-codec\commons-codec\1.13\commons-codec-1.13.jar;C:\Users\DS CONSULTING\.m2\repository\org\apache\commons\commons-collections4\4.4\commons-collections4-4.4.jar;C:\Users\DS CONSULTING\.m2\repository\org\apache\commons\commons-math3\3.6.1\commons-math3-3.6.1.jar;C:\Users\DS CONSULTING\.m2\repository\com\zaxxer\SparseBitSet\1.2\SparseBitSet-1.2.jar;C:\Users\DS CONSULTING\.m2\repository\org\apache\poi\poi-ooxml\4.1.2\poi-ooxml-4.1.2.jar;C:\Users\DS CONSULTING\.m2\repository\org\apache\poi\poi-ooxml-schemas\4.1.2\poi-ooxml-schemas-4.1.2.jar;C:\Users\DS CONSULTING\.m2\repository\org\apache\xmlbeans\xmlbeans\3.1.0\xmlbeans-3.1.0.jar;C:\Users\DS CONSULTING\.m2\repository\org\apache\commons\commons-compress\1.19\commons-compress-1.19.jar;C:\Users\DS CONSULTING\.m2\repository\com\github\virtuald\curvesapi\1.06\curvesapi-1.06.jar;C:\Users\DS CONSULTING\.m2\repository\com\formdev\flatlaf\3.4.1\flatlaf-3.4.1.jar;C:\Users\DS CONSULTING\.m2\repository\com\formdev\flatlaf-extras\3.4.1\flatlaf-extras-3.4.1.jar;C:\Users\DS CONSULTING\.m2\repository\com\github\weisj\jsvg\1.4.0\jsvg-1.4.0.jar;C:\Users\DS CONSULTING\.m2\repository\com\formdev\flatlaf-fonts-roboto\2.137\flatlaf-fonts-roboto-2.137.jar
Launcher Type: SUN_STANDARD

[Global flags]
     intx CICompilerCount                          = 4                                         {product} {ergonomic}
     uint ConcGCThreads                            = 3                                         {product} {ergonomic}
     uint G1ConcRefinementThreads                  = 10                                        {product} {ergonomic}
   size_t G1HeapRegionSize                         = 4194304                                   {product} {ergonomic}
   size_t InitialHeapSize                          = 532676608                                 {product} {ergonomic}
   size_t MarkStackSize                            = 4194304                                   {product} {ergonomic}
   size_t MarkStackSizeMax                         = 536870912                                 {product} {ergonomic}
   size_t MaxHeapSize                              = 8522825728                                {product} {ergonomic}
   size_t MinHeapDeltaBytes                        = 4194304                                   {product} {ergonomic}
   size_t MinHeapSize                              = 8388608                                   {product} {ergonomic}
    uintx NonNMethodCodeHeapSize                   = 5832704                                {pd product} {ergonomic}
    uintx NonProfiledCodeHeapSize                  = 122945536                              {pd product} {ergonomic}
    uintx ProfiledCodeHeapSize                     = 122880000                              {pd product} {ergonomic}
    uintx ReservedCodeCacheSize                    = 251658240                              {pd product} {ergonomic}
     bool SegmentedCodeCache                       = true                                      {product} {ergonomic}
   size_t SoftMaxHeapSize                          = 8522825728                             {manageable} {ergonomic}
     bool UseCompressedOops                        = true                           {product lp64_product} {ergonomic}
     bool UseG1GC                                  = true                                      {product} {ergonomic}
     bool UseLargePagesIndividualAllocation        = false                                  {pd product} {ergonomic}

Logging:
Log output configuration:
 #0: stdout all=warning uptime,level,tags foldmultilines=false
 #1: stderr all=off uptime,level,tags foldmultilines=false

Environment Variables:
PATH=C:\WINDOWS.X64_193000_db_home\bin;c:\Users\Administrateur\AppData\Local\Programs\cursor\resources\app\bin;c:\Users\DS CONSULTING\AppData\Local\Programs\cursor\resources\app\bin;C:\Program Files (x86)\Common Files\Intel\Shared Libraries\redist\intel64\compiler;C:\WINDOWS\system32;C:\WINDOWS;C:\WINDOWS\System32\Wbem;C:\WINDOWS\System32\WindowsPowerShell\v1.0\;C:\WINDOWS\System32\OpenSSH\;C:\Program Files\Git\cmd;C:\xampp\mysql\bin;C:\Program Files\nodejs\;C:\Program Files\nodejs;C:\flutter\bin;C:\Program Files\dotnet\;C:\Program Files (x86)\NVIDIA Corporation\PhysX\Common;C:\xampp\php;C:\ProgramData\ComposerSetup\bin;C:\Users\DS CONSULTING\AppData\Roaming\npm\node_modules;C:\Users\DS CONSULTING\AppData\Local\Pub\Cache\bin;C:\MinGW\bin;C:\Users\DS CONSULTING\.config\herd\bin\nvm;C:\Users\DS CONSULTING\.config\herd\bin;C:\Users\DS CONSULTING\AppData\Local\Programs\Python\Python311\Scripts\;C:\Users\DS CONSULTING\AppData\Local\Programs\Python;C:\Program;;C:\WINDOWS\system32;C:\WINDOWS;C:\WINDOWS\System32\Wbem;C:\WINDOWS\System32\WindowsPowerShell\v1.0\;C:\WINDOWS\System32\OpenSSH\;C:\Program Files\Microsoft\Web Platform Installer\;C:\Program Files (x86)\Microsoft ASP.NET\ASP.NET Web Pages\v1.0\;C:\Program Files (x86)\Windows Kits\10\Windows Performance Toolkit\;C:\Program Files (x86)\Microsoft SQL Server\130\Tools\Binn\;C:\Program Files (x86)\Microsoft SQL Server\Client SDK\ODBC\130\Tools\Binn\;C:\Program Files (x86)\Microsoft SQL Server\130\DTS\Binn\;C:\Program Files (x86)\Microsoft SQL Server\130\Tools\Binn\ManagementStudio\;C:\Program Files\Microsoft SQL Server\Client SDK\ODBC\130\Tools\Binn\;C:\Program Files\Microsoft SQL Server\130\Tools\Binn\;C:\Program Files\Microsoft SQL Server\130\DTS\Binn\;C:\Users\DS CONSULTING\.config\herd\bin;C:\Users\DS CONSULTING\AppData\Local\Programs\Python\Python311\Scripts\;C:\Users\DS CONSULTING\AppData\Local\Programs\Python\Python311\;C:\Users\DS CONSULTING\AppData\Local\Microsoft\WindowsApps;C:\Users\DS CONSULTING\AppData\Local\Programs\Microsoft VS Code\bin;C:\xampp\mysql\bin;C:\Users\DS CONSULTING\AppData\Roaming\npm;C:\Program Files\nodejs;C:\flutter\bin;C:\xampp\php;C:\Users\DS CONSULTING\AppData\Roaming\Composer\vendor\bin;C:\Users\DS CONSULTING\AppData\Roaming\npm\node_modules;C:\Users\DS CONSULTING\AppData\Local\Pub\Cache\bin;C:\MinGW\bin;C:\Users\DS CONSULTING\.dotnet\tools;C:\Program Files\Java\jdk-11\bin;;C:\Program Files\JetBrains\IntelliJ IDEA Community Edition 2024.3\bin;
USERNAME=morykoulibaly
OS=Windows_NT
PROCESSOR_IDENTIFIER=Intel64 Family 6 Model 158 Stepping 10, GenuineIntel
TMP=C:\Users\DSCONS~1\AppData\Local\Temp
TEMP=C:\Users\DSCONS~1\AppData\Local\Temp




Periodic native trim disabled

---------------  S Y S T E M  ---------------

OS:
 Windows 11 , 64 bit Build 26100 (10.0.26100.3037)
OS uptime: 2 days 13:02 hours
Hyper-V role detected

CPU: total 12 (initial active 12) (6 cores per cpu, 2 threads per core) family 6 model 158 stepping 10 microcode 0xf8, cx8, cmov, fxsr, ht, mmx, 3dnowpref, sse, sse2, sse3, ssse3, sse4.1, sse4.2, popcnt, lzcnt, tsc, tscinvbit, avx, avx2, aes, erms, clmul, bmi1, bmi2, rtm, adx, fma, vzeroupper, clflush, clflushopt, hv, rdtscp, f16c
Processor Information for the first 12 processors :
  Max Mhz: 2712, Current Mhz: 2712, Mhz Limit: 2712

Memory: 4k page, system-wide physical 32496M (10713M free)
TotalPageFile size 43341M (AvailPageFile size 494M)
current process WorkingSet (physical memory assigned to process): 13M, peak: 13M
current process commit charge ("private bytes"): 65M, peak: 573M

vm_info: Java HotSpot(TM) 64-Bit Server VM (23+37-2369) for windows-amd64 JRE (23+37-2369), built on 2024-08-20T16:01:23Z with MS VC++ 17.6 (VS2022)

END.
